MIF/HEX Update report for CoreBassier
Tue Jul 10 15:21:26 2018
Quartus Prime Version 17.1.0 Build 590 10/25/2017 SJ Lite Edition


---------------------
; Table of Contents ;
---------------------
  1. Legal Notice
  2. MIF/HEX Update Summary
  3. MIF/HEX Update Processed Files
  4. MIF/HEX Update Messages



----------------
; Legal Notice ;
----------------
Copyright (C) 2017  Intel Corporation. All rights reserved.
Your use of Intel Corporation's design tools, logic functions 
and other software and tools, and its AMPP partner logic 
functions, and any output files from any of the foregoing 
(including device programming or simulation files), and any 
associated documentation or information are expressly subject 
to the terms and conditions of the Intel Program License 
Subscription Agreement, the Intel Quartus Prime License Agreement,
the Intel FPGA IP License Agreement, or other applicable license
agreement, including, without limitation, that your use is for
the sole purpose of programming logic devices manufactured by
Intel and sold by Intel or its authorized distributors.  Please
refer to the applicable agreement for further details.



+---------------------------------------------------------------+
; MIF/HEX Update Summary                                        ;
+-----------------------+---------------------------------------+
; MIF/HEX Update Status ; Successful - Tue Jul 10 15:21:26 2018 ;
; Revision Name         ; CoreBassier                           ;
; Top-level Entity Name ; main                                  ;
; Family                ; Cyclone IV E                          ;
; Device                ; EP4CE30F29C6                          ;
+-----------------------+---------------------------------------+


+------------------------------------------------------------------------------------------------------------+
; MIF/HEX Update Processed Files                                                                             ;
+------------------------------------------------------------------------------------------------------------+
; File Name                                                                                                  ;
+------------------------------------------------------------------------------------------------------------+
; C:/Users/leoco/Documents/college/Lab AOC/Processor/db/corebassier.ram0_instructionsmemory_d253ae8a.hdl.mif ;
+------------------------------------------------------------------------------------------------------------+


+-------------------------+
; MIF/HEX Update Messages ;
+-------------------------+
Info: *******************************************************************
Info: Running Quartus Prime MIF/HEX Update
    Info: Version 17.1.0 Build 590 10/25/2017 SJ Lite Edition
    Info: Processing started: Tue Jul 10 15:21:25 2018
Info: Command: quartus_cdb CoreBassier -c CoreBassier --update_mif
Warning (18236): Number of processors has not been specified which may cause overloading on shared machines.  Set the global assignment NUM_PARALLEL_PROCESSORS in your QSF to an appropriate value for best performance.
Warning (39023): Can't find Memory Initialization File ins.txt -- skipped updates for this file
Warning (127007): Memory Initialization File or Hexadecimal (Intel-Format) File "C:/Users/leoco/Documents/college/Lab AOC/Processor/db/corebassier.ram0_instructionsmemory_d253ae8a.hdl.mif" contains "don't care" values -- overwriting them with 0s
Warning (127007): Memory Initialization File or Hexadecimal (Intel-Format) File "C:/Users/leoco/Documents/college/Lab AOC/Processor/db/corebassier.ram0_instructionsmemory_d253ae8a.hdl.mif" contains "don't care" values -- overwriting them with 0s
Warning (127007): Memory Initialization File or Hexadecimal (Intel-Format) File "C:/Users/leoco/Documents/college/Lab AOC/Processor/db/corebassier.ram0_instructionsmemory_d253ae8a.hdl.mif" contains "don't care" values -- overwriting them with 0s
Warning (127007): Memory Initialization File or Hexadecimal (Intel-Format) File "C:/Users/leoco/Documents/college/Lab AOC/Processor/db/corebassier.ram0_instructionsmemory_d253ae8a.hdl.mif" contains "don't care" values -- overwriting them with 0s
Info (39024): Processed the following Memory Initialization File(s)
    Info (39025): Processed Memory Initialization File C:/Users/leoco/Documents/college/Lab AOC/Processor/db/corebassier.ram0_instructionsmemory_d253ae8a.hdl.mif File: C:/Users/leoco/Documents/college/Lab AOC/Processor/db/corebassier.ram0_instructionsmemory_d253ae8a.hdl.mif Line: 0
Info: Quartus Prime MIF/HEX Update was successful. 0 errors, 6 warnings
    Info: Peak virtual memory: 4766 megabytes
    Info: Processing ended: Tue Jul 10 15:21:27 2018
    Info: Elapsed time: 00:00:02
    Info: Total CPU time (on all processors): 00:00:01


